#
# There is insufficient memory for the Java Runtime Environment to continue.
# Native memory allocation (mmap) failed to map 536870912 bytes for G1 virtual space
# Possible reasons:
#   The system is out of physical RAM or swap space
#   The process is running with CompressedOops enabled, and the Java Heap may be blocking the growth of the native heap
# Possible solutions:
#   Reduce memory load on the system
#   Increase physical memory or swap space
#   Check if swap backing store is full
#   Decrease Java heap size (-Xmx/-Xms)
#   Decrease number of Java threads
#   Decrease Java thread stack sizes (-Xss)
#   Set larger code cache with -XX:ReservedCodeCacheSize=
#   JVM is running with Zero Based Compressed Oops mode in which the Java heap is
#     placed in the first 32GB address space. The Java Heap base address is the
#     maximum limit for the native heap growth. Please use -XX:HeapBaseMinAddress
#     to set the Java Heap base and to place the Java Heap above 32GB virtual address.
# This output file may be truncated or incomplete.
#
#  Out of Memory Error (os_windows.cpp:3753), pid=24776, tid=37080
#
# JRE version:  (17.0.4.1+7) (build )
# Java VM: OpenJDK 64-Bit Server VM (17.0.4.1+7-b469.62, mixed mode, sharing, tiered, compressed oops, compressed class ptrs, g1 gc, windows-amd64)
# No core dump will be written. Minidumps are not enabled by default on client versions of Windows
#

---------------  S U M M A R Y ------------

Command Line: git4idea.http.GitAskPassApp Username for 'https://github.com': 

Host: AMD Ryzen 9 3900X 12-Core Processor            , 24 cores, 31G,  Windows 11 , 64 bit Build 22581 (10.0.22581.1)
Time: Mon Dec 19 16:41:56 2022 Turkey Standard Time elapsed time: 0.011508 seconds (0d 0h 0m 0s)

---------------  T H R E A D  ---------------

Current thread (0x000002422e125800):  JavaThread "Unknown thread" [_thread_in_vm, id=37080, stack(0x000000c63c000000,0x000000c63c100000)]

Stack: [0x000000c63c000000,0x000000c63c100000]
Native frames: (J=compiled Java code, j=interpreted, Vv=VM code, C=native code)
V  [jvm.dll+0x68356a]
V  [jvm.dll+0x83fab4]
V  [jvm.dll+0x84125e]
V  [jvm.dll+0x8418c3]
V  [jvm.dll+0x249735]
V  [jvm.dll+0x680439]
V  [jvm.dll+0x674a7a]
V  [jvm.dll+0x30956b]
V  [jvm.dll+0x310a26]
V  [jvm.dll+0x36089e]
V  [jvm.dll+0x360acf]
V  [jvm.dll+0x2df658]
V  [jvm.dll+0x2e05c4]
V  [jvm.dll+0x8112a1]
V  [jvm.dll+0x36e6f1]
V  [jvm.dll+0x7f076c]
V  [jvm.dll+0x3f180f]
V  [jvm.dll+0x3f3351]
C  [jli.dll+0x526b]
C  [ucrtbase.dll+0x29363]
C  [KERNEL32.DLL+0x16624]
C  [ntdll.dll+0x4a958]


---------------  P R O C E S S  ---------------

Threads class SMR info:
_java_thread_list=0x00007ff952fe7f58, length=0, elements={
}

Java Threads: ( => current thread )

Other Threads:
  0x000002422e1d4dc0 GCTaskThread "GC Thread#0" [stack: 0x000000c63c100000,0x000000c63c200000] [id=36856]
  0x000002422e141770 ConcurrentGCThread "G1 Main Marker" [stack: 0x000000c63c200000,0x000000c63c300000] [id=17548]
  0x000002422e1ddeb0 ConcurrentGCThread "G1 Conc#0" [stack: 0x000000c63c300000,0x000000c63c400000] [id=36100]

[error occurred during error reporting (printing all threads), id 0xc0000005, EXCEPTION_ACCESS_VIOLATION (0xc0000005) at pc=0x00007ff9527a0217]

VM state: not at safepoint (not fully initialized)

VM Mutex/Monitor currently owned by a thread:  ([mutex/lock_event])
[0x000002422e11e8f0] Heap_lock - owner thread: 0x000002422e125800

Heap address: 0x0000000600c00000, size: 8180 MB, Compressed Oops mode: Zero based, Oop shift amount: 3

CDS archive(s) mapped at: [0x0000000000000000-0x0000000000000000-0x0000000000000000), size 0, SharedBaseAddress: 0x0000000800000000, ArchiveRelocationMode: 0.
Narrow klass base: 0x0000000000000000, Narrow klass shift: 0, Narrow klass range: 0x0

GC Precious Log:
<Empty>

Heap:
 garbage-first heap   total 0K, used 0K [0x0000000600c00000, 0x0000000800000000)
  region size 4096K, 0 young (0K), 0 survivors (0K)

[error occurred during error reporting (printing heap information), id 0xc0000005, EXCEPTION_ACCESS_VIOLATION (0xc0000005) at pc=0x00007ff952b8d1f9]

GC Heap History (0 events):
No events

Deoptimization events (0 events):
No events

Classes unloaded (0 events):
No events

Classes redefined (0 events):
No events

Internal exceptions (0 events):
No events

VM Operations (0 events):
No events

Events (1 events):
Event: 0.007 Loaded shared library C:\Program Files\JetBrains\IntelliJ IDEA Community Edition 2022.2.3\jbr\bin\java.dll


Dynamic libraries:
0x00007ff648a10000 - 0x00007ff648a1a000 	C:\Program Files\JetBrains\IntelliJ IDEA Community Edition 2022.2.3\jbr\bin\java.exe
0x00007ffa72430000 - 0x00007ffa72641000 	C:\WINDOWS\SYSTEM32\ntdll.dll
0x00007ffa71940000 - 0x00007ffa71a02000 	C:\WINDOWS\System32\KERNEL32.DLL
0x00007ffa6fd70000 - 0x00007ffa7010b000 	C:\WINDOWS\System32\KERNELBASE.dll
0x00007ffa6f9f0000 - 0x00007ffa6fb01000 	C:\WINDOWS\System32\ucrtbase.dll
0x00007ffa4a4f0000 - 0x00007ffa4a507000 	C:\Program Files\JetBrains\IntelliJ IDEA Community Edition 2022.2.3\jbr\bin\jli.dll
0x00007ffa4b510000 - 0x00007ffa4b52b000 	C:\Program Files\JetBrains\IntelliJ IDEA Community Edition 2022.2.3\jbr\bin\VCRUNTIME140.dll
0x00007ffa71ef0000 - 0x00007ffa72096000 	C:\WINDOWS\System32\USER32.dll
0x00007ffa6f850000 - 0x00007ffa6f876000 	C:\WINDOWS\System32\win32u.dll
0x00007ffa52c90000 - 0x00007ffa52f34000 	C:\WINDOWS\WinSxS\amd64_microsoft.windows.common-controls_6595b64144ccf1df_6.0.22581.1_none_5efe8a4b9dcf743d\COMCTL32.dll
0x00007ffa72270000 - 0x00007ffa72299000 	C:\WINDOWS\System32\GDI32.dll
0x00007ffa717e0000 - 0x00007ffa71885000 	C:\WINDOWS\System32\msvcrt.dll
0x00007ffa6fb10000 - 0x00007ffa6fc28000 	C:\WINDOWS\System32\gdi32full.dll
0x00007ffa70110000 - 0x00007ffa701aa000 	C:\WINDOWS\System32\msvcp_win.dll
0x00007ffa72230000 - 0x00007ffa72261000 	C:\WINDOWS\System32\IMM32.DLL
0x00007ffa670e0000 - 0x00007ffa670ec000 	C:\Program Files\JetBrains\IntelliJ IDEA Community Edition 2022.2.3\jbr\bin\vcruntime140_1.dll
0x00007ffa3bb00000 - 0x00007ffa3bb8d000 	C:\Program Files\JetBrains\IntelliJ IDEA Community Edition 2022.2.3\jbr\bin\msvcp140.dll
0x00007ff9524b0000 - 0x00007ff953119000 	C:\Program Files\JetBrains\IntelliJ IDEA Community Edition 2022.2.3\jbr\bin\server\jvm.dll
0x00007ffa704d0000 - 0x00007ffa7057e000 	C:\WINDOWS\System32\ADVAPI32.dll
0x00007ffa71890000 - 0x00007ffa71936000 	C:\WINDOWS\System32\sechost.dll
0x00007ffa722a0000 - 0x00007ffa723b5000 	C:\WINDOWS\System32\RPCRT4.dll
0x00007ffa72220000 - 0x00007ffa72228000 	C:\WINDOWS\System32\PSAPI.DLL
0x00007ffa60d40000 - 0x00007ffa60d49000 	C:\WINDOWS\SYSTEM32\WSOCK32.dll
0x00007ffa67bd0000 - 0x00007ffa67bda000 	C:\WINDOWS\SYSTEM32\VERSION.dll
0x00007ffa61030000 - 0x00007ffa61064000 	C:\WINDOWS\SYSTEM32\WINMM.dll
0x00007ffa71640000 - 0x00007ffa716b1000 	C:\WINDOWS\System32\WS2_32.dll
0x00007ffa6e2a0000 - 0x00007ffa6e2b8000 	C:\WINDOWS\SYSTEM32\kernel.appcore.dll
0x00007ffa2ef90000 - 0x00007ffa2ef9a000 	C:\Program Files\JetBrains\IntelliJ IDEA Community Edition 2022.2.3\jbr\bin\jimage.dll
0x00007ffa6f1d0000 - 0x00007ffa6f3fe000 	C:\WINDOWS\SYSTEM32\DBGHELP.DLL
0x00007ffa70ad0000 - 0x00007ffa70e45000 	C:\WINDOWS\System32\combase.dll
0x00007ffa705e0000 - 0x00007ffa706b7000 	C:\WINDOWS\System32\OLEAUT32.dll
0x00007ffa6f040000 - 0x00007ffa6f072000 	C:\WINDOWS\SYSTEM32\dbgcore.DLL
0x00007ffa6fcf0000 - 0x00007ffa6fd6b000 	C:\WINDOWS\System32\bcryptPrimitives.dll
0x00007ff95ab40000 - 0x00007ff95ab65000 	C:\Program Files\JetBrains\IntelliJ IDEA Community Edition 2022.2.3\jbr\bin\java.dll

dbghelp: loaded successfully - version: 4.0.5 - missing functions: none
symbol engine: initialized successfully - sym options: 0x614 - pdb path: .;C:\Program Files\JetBrains\IntelliJ IDEA Community Edition 2022.2.3\jbr\bin;C:\WINDOWS\SYSTEM32;C:\WINDOWS\WinSxS\amd64_microsoft.windows.common-controls_6595b64144ccf1df_6.0.22581.1_none_5efe8a4b9dcf743d;C:\Program Files\JetBrains\IntelliJ IDEA Community Edition 2022.2.3\jbr\bin\server

VM Arguments:
java_command: git4idea.http.GitAskPassApp Username for 'https://github.com': 
java_class_path (initial): C:/Program Files/JetBrains/IntelliJ IDEA Community Edition 2022.2.3/plugins/git4idea/lib/git4idea-rt.jar;C:/Program Files/JetBrains/IntelliJ IDEA Community Edition 2022.2.3/lib/externalProcess-rt.jar;C:/Program Files/JetBrains/IntelliJ IDEA Community Edition 2022.2.3/lib/app.jar;C:/Program Files/JetBrains/IntelliJ IDEA Community Edition 2022.2.3/lib/3rd-party-rt.jar
Launcher Type: SUN_STANDARD

[Global flags]
     intx CICompilerCount                          = 12                                        {product} {ergonomic}
     uint ConcGCThreads                            = 5                                         {product} {ergonomic}
     uint G1ConcRefinementThreads                  = 18                                        {product} {ergonomic}
   size_t G1HeapRegionSize                         = 4194304                                   {product} {ergonomic}
    uintx GCDrainStackTargetSize                   = 64                                        {product} {ergonomic}
   size_t InitialHeapSize                          = 536870912                                 {product} {ergonomic}
   size_t MarkStackSize                            = 4194304                                   {product} {ergonomic}
   size_t MaxHeapSize                              = 8577351680                                {product} {ergonomic}
   size_t MinHeapDeltaBytes                        = 4194304                                   {product} {ergonomic}
   size_t MinHeapSize                              = 8388608                                   {product} {ergonomic}
    uintx NonNMethodCodeHeapSize                   = 7602480                                {pd product} {ergonomic}
    uintx NonProfiledCodeHeapSize                  = 122027880                              {pd product} {ergonomic}
    uintx ProfiledCodeHeapSize                     = 122027880                              {pd product} {ergonomic}
    uintx ReservedCodeCacheSize                    = 251658240                              {pd product} {ergonomic}
     bool SegmentedCodeCache                       = true                                      {product} {ergonomic}
   size_t SoftMaxHeapSize                          = 8577351680                             {manageable} {ergonomic}
     bool UseCompressedClassPointers               = true                           {product lp64_product} {ergonomic}
     bool UseCompressedOops                        = true                           {product lp64_product} {ergonomic}
     bool UseG1GC                                  = true                                      {product} {ergonomic}
     bool UseLargePagesIndividualAllocation        = false                                  {pd product} {ergonomic}

Logging:
Log output configuration:
 #0: stdout all=warning uptime,level,tags
 #1: stderr all=off uptime,level,tags

Environment Variables:
JAVA_HOME=C:\Program Files\Java\jdk-11.0.16
PATH=C:\Program Files\Git\mingw64\libexec\git-core;C:\Program Files\Git\mingw64\libexec\git-core;C:\Program Files\Git\mingw64\bin;C:\Program Files\Git\usr\bin;C:\Users\PQM1\bin;C:\Program Files\Java\jdk1.8.0_202\bin;C:\Program Files\Common Files\Oracle\Java\javapath;C:\Program Files\PlasticSCM5\server;C:\Program Files\PlasticSCM5\client;C:\Python310\Scripts;C:\Python310;C:\Program Files\Eclipse Foundation\jdk-8.0.302.8-hotspot\bin;C:\Program Files\Microsoft\jdk-11.0.12.7-hotspot\bin;C:\Program Files (x86)\Common Files\Oracle\Java\javapath;C:\WINDOWS\system32;C:\WINDOWS;C:\WINDOWS\System32\Wbem;C:\WINDOWS\System32\WindowsPowerShell\v1.0;C:\WINDOWS\System32\OpenSSH;C:\Program Files\Git\cmd;C:\Program Files\dotnet;C:\WINDOWS\system32;C:\WINDOWS;C:\WINDOWS\System32\Wbem;C:\WINDOWS\System32\WindowsPowerShell\v1.0;C:\WINDOWS\System32\OpenSSH;C:\Users\PQM1\Development\flutter\bin;C:\Program Files\nodejs;C:\ProgramData\chocolatey\bin;C:\Program Files (x86)\NVIDIA Corporation\PhysX\Common;C:\Program Files\OpenSSL-Win64\bin;C:\Users\PQM1\AppData\Local\Pub\Cache\bin;C:\Program Files\PuTTY;C:\Users\PQM1\AppData\Local\Microsoft\WindowsApps;C:\Users\PQM1\AppData\Local\GitHubDesktop\bin;C:\Users\PQM1\.dotnet\tools;C:\Users\PQM1\AppData\Local\Programs\Microsoft VS Code\bin;C:\Users\PQM1\AppData\Roaming\npm;C:\Program Files\OpenSSL-Win64\bin;C:\Users\PQM1\AppData\Local\Pub\Cache\bin
USERNAME=PolyqueGames
DISPLAY=:0.0
LC_ALL=en_US.UTF-8
TERM=cygwin
TMPDIR=C:\Users\PQM1\AppData\Local\Temp
OS=Windows_NT
PROCESSOR_IDENTIFIER=AMD64 Family 23 Model 113 Stepping 0, AuthenticAMD
TMP=C:\Users\PQM1\AppData\Local\Temp
TEMP=C:\Users\PQM1\AppData\Local\Temp



---------------  S Y S T E M  ---------------

OS:
 Windows 11 , 64 bit Build 22581 (10.0.22581.1)
OS uptime: 3 days 2:26 hours

CPU: total 24 (initial active 24) (24 cores per cpu, 2 threads per core) family 23 model 113 stepping 0 microcode 0x0, cx8, cmov, fxsr, ht, mmx, 3dnowpref, sse, sse2, sse3, ssse3, sse4a, sse4.1, sse4.2, popcnt, lzcnt, tsc, tscinvbit, avx, avx2, aes, clmul, bmi1, bmi2, adx, sha, fma, vzeroupper, clflush, clflushopt

Memory: 4k page, system-wide physical 32712M (12741M free)
TotalPageFile size 89820M (AvailPageFile size 69M)
current process WorkingSet (physical memory assigned to process): 11M, peak: 11M
current process commit charge ("private bytes"): 81M, peak: 593M

vm_info: OpenJDK 64-Bit Server VM (17.0.4.1+7-b469.62) for windows-amd64 JRE (17.0.4.1+7-b469.62), built on 2022-09-22 by "builduser" with MS VC++ 16.10 / 16.11 (VS2019)

END.
